1502805020202	geckodriver	INFO	geckodriver 0.18.0
1502805020202	geckodriver	INFO	Listening on 127.0.0.1:21307
1502805022390	geckodriver::marionette	INFO	Starting browser C:\Program Files (x86)\Mozilla Firefox\firefox.exe with args ["-marionette"]
1502805029055	Marionette	INFO	Listening on port 21317
1502805029788	Marionette	WARN	TLS certificate errors will be ignored for this session
JavaScript error: resource://gre/components/FormHistoryStartup.js, line 118: NS_ERROR_NOT_INITIALIZED: Component returned failure code: 0xc1f30001 (NS_ERROR_NOT_INITIALIZED) [nsIMessageSender.sendAsyncMessage]
1502805052393	geckodriver	INFO	geckodriver 0.18.0
1502805052393	geckodriver	INFO	Listening on 127.0.0.1:21394
1502805054454	geckodriver::marionette	INFO	Starting browser C:\Program Files (x86)\Mozilla Firefox\firefox.exe with args ["-marionette"]
1502805057984	Marionette	INFO	Listening on port 21402
1502805058390	Marionette	WARN	TLS certificate errors will be ignored for this session
1502805061466	Marionette	INFO	New connections will no longer be accepted
1502805089404	geckodriver	INFO	geckodriver 0.18.0
1502805089404	geckodriver	INFO	Listening on 127.0.0.1:21480
1502805091463	geckodriver::marionette	INFO	Starting browser C:\Program Files (x86)\Mozilla Firefox\firefox.exe with args ["-marionette"]
1502805095176	Marionette	INFO	Listening on port 21488
1502805095763	Marionette	WARN	TLS certificate errors will be ignored for this session
1502805108549	Marionette	INFO	New connections will no longer be accepted
1502805235687	geckodriver	INFO	geckodriver 0.18.0
1502805235692	geckodriver	INFO	Listening on 127.0.0.1:21749
1502805237732	geckodriver::marionette	INFO	Starting browser C:\Program Files (x86)\Mozilla Firefox\firefox.exe with args ["-marionette"]
1502805241423	Marionette	INFO	Listening on port 21757
1502805241905	Marionette	WARN	TLS certificate errors will be ignored for this session
1502805255753	Marionette	INFO	New connections will no longer be accepted
1502805300939	geckodriver	INFO	geckodriver 0.18.0
1502805300945	geckodriver	INFO	Listening on 127.0.0.1:21907
1502805302985	geckodriver::marionette	INFO	Starting browser C:\Program Files (x86)\Mozilla Firefox\firefox.exe with args ["-marionette"]
1502805306421	Marionette	INFO	Listening on port 21917
1502805306755	Marionette	WARN	TLS certificate errors will be ignored for this session
1502805318536	Marionette	INFO	New connections will no longer be accepted
1502805393828	geckodriver	INFO	geckodriver 0.18.0
1502805393828	geckodriver	INFO	Listening on 127.0.0.1:22113
1502805395893	geckodriver::marionette	INFO	Starting browser C:\Program Files (x86)\Mozilla Firefox\firefox.exe with args ["-marionette"]
1502805399487	Marionette	INFO	Listening on port 22123
1502805399806	Marionette	WARN	TLS certificate errors will be ignored for this session
1502805412313	Marionette	INFO	New connections will no longer be accepted
1502805542514	geckodriver	INFO	geckodriver 0.18.0
1502805542529	geckodriver	INFO	Listening on 127.0.0.1:22399
1502805544549	geckodriver::marionette	INFO	Starting browser C:\Program Files (x86)\Mozilla Firefox\firefox.exe with args ["-marionette"]
1502805547998	Marionette	INFO	Listening on port 22409
1502805548272	Marionette	WARN	TLS certificate errors will be ignored for this session
1502805551492	Marionette	INFO	New connections will no longer be accepted
1502805598800	geckodriver	INFO	geckodriver 0.18.0
1502805598816	geckodriver	INFO	Listening on 127.0.0.1:22522
1502805600861	geckodriver::marionette	INFO	Starting browser C:\Program Files (x86)\Mozilla Firefox\firefox.exe with args ["-marionette"]
1502805604167	Marionette	INFO	Listening on port 22530
1502805604683	Marionette	WARN	TLS certificate errors will be ignored for this session
1502805617250	Marionette	INFO	New connections will no longer be accepted
1502805693000	geckodriver	INFO	geckodriver 0.18.0
1502805693000	geckodriver	INFO	Listening on 127.0.0.1:22672
1502805695063	geckodriver::marionette	INFO	Starting browser C:\Program Files (x86)\Mozilla Firefox\firefox.exe with args ["-marionette"]
1502805698246	Marionette	INFO	Listening on port 22678
1502805698747	Marionette	WARN	TLS certificate errors will be ignored for this session
JavaScript warning: https://signin.ebay.in/ws/eBayISAPI.dll?SignIn&ru=http%3A%2F%2Fwww.ebay.in%2F, line 165: unreachable code after return statement
JavaScript warning: https://signin.ebay.in/ws/eBayISAPI.dll?SignIn&ru=http%3A%2F%2Fwww.ebay.in%2F, line 165: unreachable code after return statement
1502805712237	Marionette	INFO	Ceased listening
1502805713063	geckodriver	INFO	geckodriver 0.18.0
1502805713063	geckodriver	INFO	Listening on 127.0.0.1:22735
1502805715133	geckodriver::marionette	INFO	Starting browser C:\Program Files (x86)\Mozilla Firefox\firefox.exe with args ["-marionette"]
1502805718460	Marionette	INFO	Listening on port 22741
1502805718883	Marionette	WARN	TLS certificate errors will be ignored for this session
JavaScript warning: https://signin.ebay.in/ws/eBayISAPI.dll?SignIn&ru=http%3A%2F%2Fwww.ebay.in%2F, line 165: unreachable code after return statement
JavaScript warning: https://signin.ebay.in/ws/eBayISAPI.dll?SignIn&ru=http%3A%2F%2Fwww.ebay.in%2F, line 165: unreachable code after return statement
1502805861851	Marionette	INFO	Ceased listening
1502805864736	geckodriver	INFO	geckodriver 0.18.0
1502805864736	geckodriver	INFO	Listening on 127.0.0.1:23138
1502805866799	geckodriver::marionette	INFO	Starting browser C:\Program Files (x86)\Mozilla Firefox\firefox.exe with args ["-marionette"]
1502805870776	Marionette	INFO	Listening on port 23148
1502805871298	Marionette	WARN	TLS certificate errors will be ignored for this session
JavaScript warning: https://signin.ebay.in/ws/eBayISAPI.dll?SignIn&ru=http%3A%2F%2Fwww.ebay.in%2F, line 165: unreachable code after return statement
JavaScript warning: https://signin.ebay.in/ws/eBayISAPI.dll?SignIn&ru=http%3A%2F%2Fwww.ebay.in%2F, line 165: unreachable code after return statement
JavaScript error: resource://gre/modules/LoginManagerParent.jsm, line 104: TypeError: this._recipeManager is null
console.warn: nsLoginManager: searchLogins: `formSubmitURL` or `httpRealm` is recommended
1502805934148	Marionette	INFO	Ceased listening
0
1502805920873	geckodriver	INFO	Listening on 127.0.0.1:23272
1502805922914	geckodriver::marionette	INFO	Starting browser C:\Program Files (x86)\Mozilla Firefox\firefox.exe with args ["-marionette"]
1502805926762	Marionette	INFO	Listening on port 23280
1502805927130	Marionette	WARN	TLS certificate errors will be ignored for this session
JavaScript warning: https://signin.ebay.in/ws/eBayISAPI.dll?SignIn&ru=http%3A%2F%2Fwww.ebay.in%2F, line 165: unreachable code after return statement
JavaScript warning: https://signin.ebay.in/ws/eBayISAPI.dll?SignIn&ru=http%3A%2F%2Fwww.ebay.in%2F, line 165: unreachable code after return statement
JavaScript error: resource://gre/modules/LoginManagerParent.jsm, line 104: TypeError: this._recipeManager is null
console.warn: nsLoginManager: searchLogins: `formSubmitURL` or `httpRealm` is recommended
1502805969251	Marionette	INFO	Ceased listening
1502806017852	geckodriver	INFO	geckodriver 0.18.0
1502806017852	geckodriver	INFO	Listening on 127.0.0.1:23684
1502806019909	geckodriver::marionette	INFO	Starting browser C:\Program Files (x86)\Mozilla Firefox\firefox.exe with args ["-marionette"]
1502806023411	Marionette	INFO	Listening on port 23692
1502806023744	Marionette	WARN	TLS certificate errors will be ignored for this session
JavaScript error: https://www.lazada.vn/customer/account/create?spm=a2o4n.home.0.0.kTqzfp, line 5635: TypeError: window.goldlog.setPageSPM is not a function

###!!! [Parent][RunMessage] Error: Channel closing: too late to send/recv, messages will be lost

1502806492942	Marionette	INFO	Ceased listening
FO	Starting browser C:\Program Files (x86)\Mozilla Firefox\firefox.exe with args ["-marionette"]
1502806327543	Marionette	INFO	Listening on port 24371
1502806327871	Marionette	WARN	TLS certificate errors will be ignored for this session
JavaScript error: https://www.lazada.vn/customer/account/login/, line 5413: TypeError: window.goldlog.setPageSPM is not a function
1502806331630	Marionette	INFO	New connections will no longer be accepted
1502806386423	geckodriver	INFO	geckodriver 0.18.0
1502806386423	geckodriver	INFO	Listening on 127.0.0.1:24552
1502806388479	geckodriver::marionette	INFO	Starting browser C:\Program Files (x86)\Mozilla Firefox\firefox.exe with args ["-marionette"]
1502806392261	Marionette	INFO	Listening on port 24560
1502806392951	Marionette	WARN	TLS certificate errors will be ignored for this session
JavaScript error: https://www.lazada.vn/customer/account/login/, line 5413: TypeError: window.goldlog.setPageSPM is not a function
1502806402790	Marionette	INFO	New connections will no longer be accepted
r	INFO	Listening on 127.0.0.1:24645
1502806398484	geckodriver::marionette	INFO	Starting browser C:\Program Files (x86)\Mozilla Firefox\firefox.exe with args ["-marionette"]
1502806402399	Marionette	INFO	Listening on port 24681
1502806402757	Marionette	WARN	TLS certificate errors will be ignored for this session
1502806408098	Marionette	INFO	Ceased listening
1502806428190	geckodriver	INFO	geckodriver 0.18.0
1502806428195	geckodriver	INFO	Listening on 127.0.0.1:24743
1502806430228	geckodriver::marionette	INFO	Starting browser C:\Program Files (x86)\Mozilla Firefox\firefox.exe with args ["-marionette"]
1502806433818	Marionette	INFO	Listening on port 24751
1502806434211	Marionette	WARN	TLS certificate errors will be ignored for this session
JavaScript error: https://www.lazada.vn/customer/account/login/, line 5413: TypeError: window.goldlog.setPageSPM is not a function

###!!! [Parent][RunMessage] Error: Channel closing: too late to send/recv, messages will be lost

1502806491203	Marionette	INFO	Ceased listening
1502806495908	geckodriver	INFO	geckodriver 0.18.0
1502806495923	geckodriver	INFO	Listening on 127.0.0.1:25092
1502806497933	geckodriver::marionette	INFO	Starting browser C:\Program Files (x86)\Mozilla Firefox\firefox.exe with args ["-marionette"]
1502806501226	Marionette	INFO	Listening on port 25100
1502806501588	Marionette	WARN	TLS certificate errors will be ignored for this session
JavaScript error: https://www.lazada.vn/customer/account/login/, line 5414: TypeError: window.goldlog.setPageSPM is not a function

###!!! [Parent][RunMessage] Error: Channel closing: too late to send/recv, messages will be lost

1502806518195	Marionette	INFO	Ceased listening
FO	Starting browser C:\Program Files (x86)\Mozilla Firefox\firefox.exe with args ["-marionette"]
1502806522093	Marionette	INFO	Listening on port 25253
1502806522581	Marionette	WARN	TLS certificate errors will be ignored for this session
JavaScript error: https://www.lazada.vn/customer/account/login/, line 5417: TypeError: window.goldlog.setPageSPM is not a function

###!!! [Parent][RunMessage] Error: Channel closing: too late to send/recv, messages will be lost

1502806550705	Marionette	INFO	Ceased listening
1502806570490	geckodriver	INFO	geckodriver 0.18.0
1502806570490	geckodriver	INFO	Listening on 127.0.0.1:25454
1502806572549	geckodriver::marionette	INFO	Starting browser C:\Program Files (x86)\Mozilla Firefox\firefox.exe with args ["-marionette"]
1502806576546	Marionette	INFO	Listening on port 25462
1502806576947	Marionette	WARN	TLS certificate errors will be ignored for this session
JavaScript error: https://www.lazada.vn/customer/account/login/, line 5414: TypeError: window.goldlog.setPageSPM is not a function

###!!! [Parent][RunMessage] Error: Channel closing: too late to send/recv, messages will be lost

1502806583581	Marionette	INFO	Ceased listening
1502806960840	geckodriver	INFO	geckodriver 0.18.0
1502806960845	geckodriver	INFO	Listening on 127.0.0.1:26376
1502806962886	geckodriver::marionette	INFO	Starting browser C:\Program Files (x86)\Mozilla Firefox\firefox.exe with args ["-marionette"]
1502806967130	Marionette	INFO	Listening on port 26384
1502806968106	Marionette	WARN	TLS certificate errors will be ignored for this session
JavaScript error: https://www.lazada.vn/customer/account/login/, line 5413: TypeError: window.goldlog.setPageSPM is not a function
1502806972149	Marionette	INFO	New connections will no longer be accepted
1502807022628	geckodriver	INFO	geckodriver 0.18.0
1502807022633	geckodriver	INFO	Listening on 127.0.0.1:26581
1502807024674	geckodriver::marionette	INFO	Starting browser C:\Program Files (x86)\Mozilla Firefox\firefox.exe with args ["-marionette"]
1502807028467	Marionette	INFO	Listening on port 26589
1502807028965	Marionette	WARN	TLS certificate errors will be ignored for this session
JavaScript error: https://www.lazada.vn/customer/account/login/, line 5413: TypeError: window.goldlog.setPageSPM is not a function
1502807032488	Marionette	INFO	New connections will no longer be accepted
1502807062341	geckodriver	INFO	geckodriver 0.18.0
1502807062347	geckodriver	INFO	Listening on 127.0.0.1:26796
1502807064386	geckodriver::marionette	INFO	Starting browser C:\Program Files (x86)\Mozilla Firefox\firefox.exe with args ["-marionette"]
1502807067867	Marionette	INFO	Listening on port 26804
1502807068328	Marionette	WARN	TLS certificate errors will be ignored for this session
JavaScript error: https://www.lazada.vn/customer/account/login/, line 5414: TypeError: window.goldlog.setPageSPM is not a function
1502807071646	Marionette	INFO	New connections will no longer be accepted
1502807199532	geckodriver	INFO	geckodriver 0.18.0
1502807199537	geckodriver	INFO	Listening on 127.0.0.1:27129
1502807201567	geckodriver::marionette	INFO	Starting browser C:\Program Files (x86)\Mozilla Firefox\firefox.exe with args ["-marionette"]
1502807205251	Marionette	INFO	Listening on port 27139
1502807205779	Marionette	WARN	TLS certificate errors will be ignored for this session
JavaScript error: https://www.lazada.vn/customer/account/login/, line 5413: TypeError: window.goldlog.setPageSPM is not a function
1502807209444	Marionette	INFO	New connections will no longer be accepted
1502807383332	geckodriver	INFO	geckodriver 0.18.0
1502807383338	geckodriver	INFO	Listening on 127.0.0.1:27806
1502807385378	geckodriver::marionette	INFO	Starting browser C:\Program Files (x86)\Mozilla Firefox\firefox.exe with args ["-marionette"]
1502807389861	Marionette	INFO	Listening on port 27816
1502807390664	Marionette	WARN	TLS certificate errors will be ignored for this session
JavaScript error: https://www.lazada.vn/customer/account/login/, line 5413: TypeError: window.goldlog.setPageSPM is not a function
1502807395037	Marionette	INFO	New connections will no longer be accepted
1502807435265	geckodriver	INFO	geckodriver 0.18.0
1502807435265	geckodriver	INFO	Listening on 127.0.0.1:28045
1502807437312	geckodriver::marionette	INFO	Starting browser C:\Program Files (x86)\Mozilla Firefox\firefox.exe with args ["-marionette"]
1502807440744	Marionette	INFO	Listening on port 28054
1502807441177	Marionette	WARN	TLS certificate errors will be ignored for this session
JavaScript error: https://www.lazada.vn/customer/account/login/, line 5413: TypeError: window.goldlog.setPageSPM is not a function
1502807446838	Marionette	INFO	New connections will no longer be accepted
1502807454348	geckodriver	INFO	geckodriver 0.18.0
1502807454348	geckodriver	INFO	Listening on 127.0.0.1:28201
1502807456406	geckodriver::marionette	INFO	Starting browser C:\Program Files (x86)\Mozilla Firefox\firefox.exe with args ["-marionette"]
1502807459920	Marionette	INFO	Listening on port 28209
1502807460189	Marionette	WARN	TLS certificate errors will be ignored for this session
JavaScript error: https://www.lazada.vn/customer/account/login/, line 5413: TypeError: window.goldlog.setPageSPM is not a function
1502807501676	geckodriver	INFO	geckodriver 0.18.0
1502807501681	geckodriver	INFO	Listening on 127.0.0.1:28419
1502807503722	geckodriver::marionette	INFO	Starting browser C:\Program Files (x86)\Mozilla Firefox\firefox.exe with args ["-marionette"]
1502807507173	Marionette	INFO	Listening on port 28427
1502807507486	Marionette	WARN	TLS certificate errors will be ignored for this session
JavaScript error: https://www.lazada.vn/customer/account/login/, line 5413: TypeError: window.goldlog.setPageSPM is not a function
1502807515323	Marionette	INFO	New connections will no longer be accepted
1502807530089	geckodriver	INFO	geckodriver 0.18.0
1502807530095	geckodriver	INFO	Listening on 127.0.0.1:28576
1502807532144	geckodriver::marionette	INFO	Starting browser C:\Program Files (x86)\Mozilla Firefox\firefox.exe with args ["-marionette"]
1502807535890	Marionette	INFO	Listening on port 28586
1502807536261	Marionette	WARN	TLS certificate errors will be ignored for this session
JavaScript error: https://www.lazada.vn/customer/account/login/, line 5414: TypeError: window.goldlog.setPageSPM is not a function

###!!! [Parent][RunMessage] Error: Channel closing: too late to send/recv, messages will be lost

1502807548096	Marionette	INFO	Ceased listening
